# JRE version: Java(TM) SE Runtime Environment (8.0_65-b17) (build 1.8.0_65-b17)
# Java VM: Java HotSpot(TM) 64-Bit Server VM (25.65-b01 mixed mode windows-amd64 compressed oops)
Heap:
 PSYoungGen      total 347136K, used 209717K [0x00000000d5e00000, 0x00000000efa80000, 0x0000000100000000)
  eden space 282112K, 68% used [0x00000000d5e00000,0x00000000e1bba778,0x00000000e7180000)
  from space 65024K, 23% used [0x00000000ebb00000,0x00000000eca13048,0x00000000efa80000)
  to   space 70144K, 0% used [0x00000000e7180000,0x00000000e7180000,0x00000000eb600000)
 ParOldGen       total 572416K, used 378143K [0x0000000081a00000, 0x00000000a4900000, 0x00000000d5e00000)
  object space 572416K, 66% used [0x0000000081a00000,0x0000000098b47da8,0x00000000a4900000)
 Metaspace       used 19729K, capacity 19982K, committed 20224K, reserved 1067008K
  class space    used 2425K, capacity 2505K, committed 2560K, reserved 1048576K
GC Heap History (10 events):
Event: 26.607 GC heap before
{Heap before GC invocations=13 (full 4):
 PSYoungGen      total 222720K, used 53788K [0x00000000d5e00000, 0x00000000ebd00000, 0x0000000100000000)
  eden space 167424K, 0% used [0x00000000d5e00000,0x00000000d5e00000,0x00000000e0180000)
  from space 55296K, 97% used [0x00000000e0180000,0x00000000e3607360,0x00000000e3780000)
  to   space 65536K, 0% used [0x00000000e7d00000,0x00000000e7d00000,0x00000000ebd00000)
 ParOldGen       total 302080K, used 276127K [0x0000000081a00000, 0x0000000094100000, 0x00000000d5e00000)
  object space 302080K, 91% used [0x0000000081a00000,0x00000000927a7c98,0x0000000094100000)
 Metaspace       used 10587K, capacity 10730K, committed 10880K, reserved 1058816K
  class space    used 1240K, capacity 1315K, committed 1408K, reserved 1048576K
Event: 26.643 GC heap after
Heap after GC invocations=13 (full 4):
 PSYoungGen      total 222720K, used 0K [0x00000000d5e00000, 0x00000000ebd00000, 0x0000000100000000)
  eden space 167424K, 0% used [0x00000000d5e00000,0x00000000d5e00000,0x00000000e0180000)
  from space 55296K, 0% used [0x00000000e0180000,0x00000000e0180000,0x00000000e3780000)
  to   space 65536K, 0% used [0x00000000e7d00000,0x00000000e7d00000,0x00000000ebd00000)
 ParOldGen       total 468992K, used 297450K [0x0000000081a00000, 0x000000009e400000, 0x00000000d5e00000)
  object space 468992K, 63% used [0x0000000081a00000,0x0000000093c7aa78,0x000000009e400000)
 Metaspace       used 10587K, capacity 10730K, committed 10880K, reserved 1058816K
  class space    used 1240K, capacity 1315K, committed 1408K, reserved 1048576K
}
Event: 33.266 GC heap before
{Heap before GC invocations=14 (full 4):
 PSYoungGen      total 222720K, used 167424K [0x00000000d5e00000, 0x00000000ebd00000, 0x0000000100000000)
  eden space 167424K, 100% used [0x00000000d5e00000,0x00000000e0180000,0x00000000e0180000)
  from space 55296K, 0% used [0x00000000e0180000,0x00000000e0180000,0x00000000e3780000)
  to   space 65536K, 0% used [0x00000000e7d00000,0x00000000e7d00000,0x00000000ebd00000)
 ParOldGen       total 468992K, used 297450K [0x0000000081a00000, 0x000000009e400000, 0x00000000d5e00000)
  object space 468992K, 63% used [0x0000000081a00000,0x0000000093c7aa78,0x000000009e400000)
 Metaspace       used 15744K, capacity 16022K, committed 16256K, reserved 1062912K
  class space    used 2051K, capacity 2149K, committed 2176K, reserved 1048576K
Event: 33.309 GC heap after
Heap after GC invocations=14 (full 4):
 PSYoungGen      total 283136K, used 62768K [0x00000000d5e00000, 0x00000000ece00000, 0x0000000100000000)
  eden space 217600K, 0% used [0x00000000d5e00000,0x00000000d5e00000,0x00000000e3280000)
  from space 65536K, 95% used [0x00000000e7d00000,0x00000000eba4c3e0,0x00000000ebd00000)
  to   space 76288K, 0% used [0x00000000e3280000,0x00000000e3280000,0x00000000e7d00000)
 ParOldGen       total 468992K, used 322658K [0x0000000081a00000, 0x000000009e400000, 0x00000000d5e00000)
  object space 468992K, 68% used [0x0000000081a00000,0x0000000095518ae8,0x000000009e400000)
 Metaspace       used 15744K, capacity 16022K, committed 16256K, reserved 1062912K
  class space    used 2051K, capacity 2149K, committed 2176K, reserved 1048576K
}
Event: 51.742 GC heap before
{Heap before GC invocations=15 (full 4):
 PSYoungGen      total 283136K, used 280368K [0x00000000d5e00000, 0x00000000ece00000, 0x0000000100000000)
  eden space 217600K, 100% used [0x00000000d5e00000,0x00000000e3280000,0x00000000e3280000)
  from space 65536K, 95% used [0x00000000e7d00000,0x00000000eba4c3e0,0x00000000ebd00000)
  to   space 76288K, 0% used [0x00000000e3280000,0x00000000e3280000,0x00000000e7d00000)
 ParOldGen       total 468992K, used 322658K [0x0000000081a00000, 0x000000009e400000, 0x00000000d5e00000)
  object space 468992K, 68% used [0x0000000081a00000,0x0000000095518ae8,0x000000009e400000)
 Metaspace       used 19297K, capacity 19598K, committed 19968K, reserved 1067008K
  class space    used 2407K, capacity 2505K, committed 2560K, reserved 1048576K
Event: 51.783 GC heap after
Heap after GC invocations=15 (full 4):
 PSYoungGen      total 293888K, used 12455K [0x00000000d5e00000, 0x00000000f0300000, 0x0000000100000000)
  eden space 217600K, 0% used [0x00000000d5e00000,0x00000000d5e00000,0x00000000e3280000)
  from space 76288K, 16% used [0x00000000e3280000,0x00000000e3ea9f00,0x00000000e7d00000)
  to   space 73728K, 0% used [0x00000000ebb00000,0x00000000ebb00000,0x00000000f0300000)
 ParOldGen       total 468992K, used 399588K [0x0000000081a00000, 0x000000009e400000, 0x00000000d5e00000)
  object space 468992K, 85% used [0x0000000081a00000,0x000000009a039058,0x000000009e400000)
 Metaspace       used 19297K, capacity 19598K, committed 19968K, reserved 1067008K
  class space    used 2407K, capacity 2505K, committed 2560K, reserved 1048576K
}
Event: 51.783 GC heap before
{Heap before GC invocations=16 (full 5):
 PSYoungGen      total 293888K, used 12455K [0x00000000d5e00000, 0x00000000f0300000, 0x0000000100000000)
  eden space 217600K, 0% used [0x00000000d5e00000,0x00000000d5e00000,0x00000000e3280000)
  from space 76288K, 16% used [0x00000000e3280000,0x00000000e3ea9f00,0x00000000e7d00000)
  to   space 73728K, 0% used [0x00000000ebb00000,0x00000000ebb00000,0x00000000f0300000)
 ParOldGen       total 468992K, used 399588K [0x0000000081a00000, 0x000000009e400000, 0x00000000d5e00000)
  object space 468992K, 85% used [0x0000000081a00000,0x000000009a039058,0x000000009e400000)
 Metaspace       used 19297K, capacity 19598K, committed 19968K, reserved 1067008K
  class space    used 2407K, capacity 2505K, committed 2560K, reserved 1048576K
Event: 51.834 GC heap after
Heap after GC invocations=16 (full 5):
 PSYoungGen      total 293888K, used 0K [0x00000000d5e00000, 0x00000000f0300000, 0x0000000100000000)
  eden space 217600K, 0% used [0x00000000d5e00000,0x00000000d5e00000,0x00000000e3280000)
  from space 76288K, 0% used [0x00000000e3280000,0x00000000e3280000,0x00000000e7d00000)
  to   space 73728K, 0% used [0x00000000ebb00000,0x00000000ebb00000,0x00000000f0300000)
 ParOldGen       total 572416K, used 378135K [0x0000000081a00000, 0x00000000a4900000, 0x00000000d5e00000)
  object space 572416K, 66% used [0x0000000081a00000,0x0000000098b45da8,0x00000000a4900000)
 Metaspace       used 19297K, capacity 19598K, committed 19968K, reserved 1067008K
  class space    used 2407K, capacity 2505K, committed 2560K, reserved 1048576K
}
Event: 99.300 GC heap before
{Heap before GC invocations=17 (full 5):
 PSYoungGen      total 293888K, used 215651K [0x00000000d5e00000, 0x00000000f0300000, 0x0000000100000000)
  eden space 217600K, 99% used [0x00000000d5e00000,0x00000000e3098fb8,0x00000000e3280000)
  from space 76288K, 0% used [0x00000000e3280000,0x00000000e3280000,0x00000000e7d00000)
  to   space 73728K, 0% used [0x00000000ebb00000,0x00000000ebb00000,0x00000000f0300000)
 ParOldGen       total 572416K, used 378135K [0x0000000081a00000, 0x00000000a4900000, 0x00000000d5e00000)
  object space 572416K, 66% used [0x0000000081a00000,0x0000000098b45da8,0x00000000a4900000)
 Metaspace       used 19564K, capacity 19854K, committed 20224K, reserved 1067008K
  class space    used 2407K, capacity 2505K, committed 2560K, reserved 1048576K
Event: 99.321 GC heap after
Heap after GC invocations=17 (full 5):
 PSYoungGen      total 347136K, used 15436K [0x00000000d5e00000, 0x00000000efa80000, 0x0000000100000000)
  eden space 282112K, 0% used [0x00000000d5e00000,0x00000000d5e00000,0x00000000e7180000)
  from space 65024K, 23% used [0x00000000ebb00000,0x00000000eca13048,0x00000000efa80000)
  to   space 70144K, 0% used [0x00000000e7180000,0x00000000e7180000,0x00000000eb600000)
 ParOldGen       total 572416K, used 378143K [0x0000000081a00000, 0x00000000a4900000, 0x00000000d5e00000)
  object space 572416K, 66% used [0x0000000081a00000,0x0000000098b47da8,0x00000000a4900000)
 Metaspace       used 19564K, capacity 19854K, committed 20224K, reserved 1067008K
  class space    used 2407K, capacity 2505K, committed 2560K, reserved 1048576K
}

